<?xml version="1.0" encoding="UTF-8"?>
<!-- Generated by org.testng.reporters.JUnitXMLReporter -->
<testsuite ignored="0" hostname="DESKTOP-15GLH6P" failures="0" tests="6" name="Default test" time="10.015" errors="0" timestamp="2024-04-29T15:41:51 IST">
  <testcase classname="com.qa.neoCommerce.tests.LoginPageTest" name="LoginPageTitleTest" time="0.058"/>
  <testcase classname="com.qa.neoCommerce.tests.LoginPageTest" name="LoginPageUrlTest" time="0.03"/>
  <testcase classname="com.qa.neoCommerce.tests.LoginPageTest" name="forgetPwdLinkExitTest" time="0.077"/>
  <testcase classname="com.qa.neoCommerce.tests.LoginPageTest" name="loginBtnExitTest" time="0.044"/>
  <testcase classname="com.qa.neoCommerce.tests.LoginPageTest" name="RegisterBtnExitTest" time="0.041"/>
  <testcase classname="com.qa.neoCommerce.tests.LoginPageTest" name="loginTest" time="3.425"/>
</testsuite> <!-- Default test -->
