<?xml version="1.0" encoding="UTF-8"?>
<testng-results ignored="0" total="6" passed="6" failed="0" skipped="0">
  <reporter-output>
  </reporter-output>
  <suite started-at="2024-04-29T15:41:41 IST" name="Default suite" finished-at="2024-04-29T15:41:51 IST" duration-ms="10015">
    <groups>
    </groups>
    <test started-at="2024-04-29T15:41:41 IST" name="Default test" finished-at="2024-04-29T15:41:51 IST" duration-ms="10015">
      <class name="com.qa.neoCommerce.tests.LoginPageTest">
        <test-method is-config="true" signature="setup()[pri:0, instance:com.qa.neoCommerce.tests.LoginPageTest@712625fd]" started-at="2024-04-29T15:41:41 IST" name="setup" finished-at="2024-04-29T15:41:47 IST" duration-ms="5889" status="PASS">
          <reporter-output>
          </reporter-output>
        </test-method> <!-- setup -->
        <test-method signature="LoginPageTitleTest()[pri:1, instance:com.qa.neoCommerce.tests.LoginPageTest@712625fd]" started-at="2024-04-29T15:41:47 IST" name="LoginPageTitleTest" finished-at="2024-04-29T15:41:47 IST" duration-ms="58" status="PASS">
          <reporter-output>
          </reporter-output>
        </test-method> <!-- LoginPageTitleTest -->
        <test-method signature="LoginPageUrlTest()[pri:2, instance:com.qa.neoCommerce.tests.LoginPageTest@712625fd]" started-at="2024-04-29T15:41:47 IST" name="LoginPageUrlTest" finished-at="2024-04-29T15:41:47 IST" duration-ms="30" status="PASS">
          <reporter-output>
          </reporter-output>
        </test-method> <!-- LoginPageUrlTest -->
        <test-method signature="forgetPwdLinkExitTest()[pri:3, instance:com.qa.neoCommerce.tests.LoginPageTest@712625fd]" started-at="2024-04-29T15:41:47 IST" name="forgetPwdLinkExitTest" finished-at="2024-04-29T15:41:47 IST" duration-ms="77" status="PASS">
          <reporter-output>
          </reporter-output>
        </test-method> <!-- forgetPwdLinkExitTest -->
        <test-method signature="loginBtnExitTest()[pri:4, instance:com.qa.neoCommerce.tests.LoginPageTest@712625fd]" started-at="2024-04-29T15:41:47 IST" name="loginBtnExitTest" finished-at="2024-04-29T15:41:47 IST" duration-ms="44" status="PASS">
          <reporter-output>
          </reporter-output>
        </test-method> <!-- loginBtnExitTest -->
        <test-method signature="RegisterBtnExitTest()[pri:5, instance:com.qa.neoCommerce.tests.LoginPageTest@712625fd]" started-at="2024-04-29T15:41:47 IST" name="RegisterBtnExitTest" finished-at="2024-04-29T15:41:47 IST" duration-ms="41" status="PASS">
          <reporter-output>
          </reporter-output>
        </test-method> <!-- RegisterBtnExitTest -->
        <test-method signature="loginTest()[pri:6, instance:com.qa.neoCommerce.tests.LoginPageTest@712625fd]" started-at="2024-04-29T15:41:47 IST" name="loginTest" finished-at="2024-04-29T15:41:50 IST" duration-ms="3425" status="PASS">
          <reporter-output>
          </reporter-output>
        </test-method> <!-- loginTest -->
        <test-method is-config="true" signature="tearDown()[pri:0, instance:com.qa.neoCommerce.tests.LoginPageTest@712625fd]" started-at="2024-04-29T15:41:50 IST" name="tearDown" finished-at="2024-04-29T15:41:51 IST" duration-ms="366" status="PASS">
          <reporter-output>
          </reporter-output>
        </test-method> <!-- tearDown -->
      </class> <!-- com.qa.neoCommerce.tests.LoginPageTest -->
    </test> <!-- Default test -->
  </suite> <!-- Default suite -->
</testng-results>
